<?xml version="1.0" encoding="UTF-8"?>
<testng-results ignored="0" total="5" passed="4" failed="1" skipped="0">
  <reporter-output>
  </reporter-output>
  <suite started-at="2022-05-27T10:14:47Z" name="Test Suite" finished-at="2022-05-27T10:14:50Z" duration-ms="3446">
    <groups>
    </groups>
    <test started-at="2022-05-27T10:14:47Z" name="Demo API Tests" finished-at="2022-05-27T10:14:50Z" duration-ms="3446">
      <class name="test.SampleProj.testCases">
        <test-method is-config="true" signature="setSpecification()[pri:0, instance:test.SampleProj.testCases@5b94b04d]" started-at="2022-05-27T10:14:47Z" name="setSpecification" finished-at="2022-05-27T10:14:47Z" duration-ms="691" status="PASS">
          <reporter-output>
          </reporter-output>
        </test-method> <!-- setSpecification -->
        <test-method signature="ListSingleUser()[pri:0, instance:test.SampleProj.testCases@5b94b04d]" started-at="2022-05-27T10:14:47Z" name="ListSingleUser" description="Listing Single User" finished-at="2022-05-27T10:14:49Z" duration-ms="1377" status="PASS">
          <reporter-output>
          </reporter-output>
        </test-method> <!-- ListSingleUser -->
        <test-method signature="testCreateUser()[pri:0, instance:test.SampleProj.testCases@5b94b04d]" started-at="2022-05-27T10:14:49Z" name="testCreateUser" finished-at="2022-05-27T10:14:49Z" duration-ms="2" status="FAIL">
          <exception class="java.lang.NullPointerException">
            <message>
              <![CDATA[Cannot invoke "String.trim()" because "description" is null]]>
            </message>
            <full-stacktrace>
              <![CDATA[java.lang.NullPointerException: Cannot invoke "String.trim()" because "description" is null
at com.relevantcodes.extentreports.ExtentTest.<init>(ExtentTest.java:66)
at com.relevantcodes.extentreports.ExtentReports.startTest(ExtentReports.java:791)
at test.SampleProj.ExtentReportManager.startTest(ExtentReportManager.java:19)
at test.SampleProj.TestListener.onTestStart(TestListener.java:13)
at org.testng.internal.TestListenerHelper.runTestListeners(TestListenerHelper.java:73)
at org.testng.internal.Invoker.runTestListeners(Invoker.java:1389)
at org.testng.internal.Invoker.invokeMethod(Invoker.java:559)
at org.testng.internal.Invoker.invokeTestMethod(Invoker.java:719)
at org.testng.internal.Invoker.invokeTestMethods(Invoker.java:989)
at org.testng.internal.TestMethodWorker.invokeTestMethods(TestMethodWorker.java:125)
at org.testng.internal.TestMethodWorker.run(TestMethodWorker.java:109)
at org.testng.TestRunner.privateRun(TestRunner.java:648)
at org.testng.TestRunner.run(TestRunner.java:505)
at org.testng.SuiteRunner.runTest(SuiteRunner.java:455)
at org.testng.SuiteRunner.runSequentially(SuiteRunner.java:450)
at org.testng.SuiteRunner.privateRun(SuiteRunner.java:415)
at org.testng.SuiteRunner.run(SuiteRunner.java:364)
at org.testng.SuiteRunnerWorker.runSuite(SuiteRunnerWorker.java:52)
at org.testng.SuiteRunnerWorker.run(SuiteRunnerWorker.java:84)
at org.testng.TestNG.runSuitesSequentially(TestNG.java:1208)
at org.testng.TestNG.runSuitesLocally(TestNG.java:1137)
at org.testng.TestNG.runSuites(TestNG.java:1049)
at org.testng.TestNG.run(TestNG.java:1017)
at org.testng.remote.AbstractRemoteTestNG.run(AbstractRemoteTestNG.java:115)
at org.testng.remote.RemoteTestNG.initAndRun(RemoteTestNG.java:251)
at org.testng.remote.RemoteTestNG.main(RemoteTestNG.java:77)
]]>
            </full-stacktrace>
          </exception> <!-- java.lang.NullPointerException -->
          <reporter-output>
          </reporter-output>
        </test-method> <!-- testCreateUser -->
        <test-method signature="testFetchUser()[pri:0, instance:test.SampleProj.testCases@5b94b04d]" started-at="2022-05-27T10:14:49Z" name="testFetchUser" description="Fetching user" finished-at="2022-05-27T10:14:49Z" duration-ms="226" status="PASS">
          <reporter-output>
          </reporter-output>
        </test-method> <!-- testFetchUser -->
        <test-method signature="testRegisterUser()[pri:0, instance:test.SampleProj.testCases@5b94b04d]" started-at="2022-05-27T10:14:49Z" name="testRegisterUser" description="Testing Register User" finished-at="2022-05-27T10:14:50Z" duration-ms="779" status="PASS">
          <reporter-output>
          </reporter-output>
        </test-method> <!-- testRegisterUser -->
        <test-method signature="testUserDetail()[pri:0, instance:test.SampleProj.testCases@5b94b04d]" started-at="2022-05-27T10:14:50Z" name="testUserDetail" description="Testing User Details" finished-at="2022-05-27T10:14:50Z" duration-ms="198" status="PASS">
          <reporter-output>
          </reporter-output>
        </test-method> <!-- testUserDetail -->
        <test-method is-config="true" signature="endReport()[pri:0, instance:test.SampleProj.testCases@5b94b04d]" started-at="2022-05-27T10:14:50Z" name="endReport" finished-at="2022-05-27T10:14:50Z" duration-ms="151" status="PASS">
          <reporter-output>
          </reporter-output>
        </test-method> <!-- endReport -->
      </class> <!-- test.SampleProj.testCases -->
    </test> <!-- Demo API Tests -->
  </suite> <!-- Test Suite -->
</testng-results>
