<?xml version="1.0" encoding="UTF-8"?>
<!-- Generated by org.testng.reporters.JUnitXMLReporter -->
<testsuite ignored="0" hostname="ZCHD-CQR-ADITYA-KUMAR-GARG" failures="1" tests="5" name="Demo API Tests" time="3.446" errors="0" timestamp="27 May 2022 10:14:50 GMT">
  <testcase classname="test.SampleProj.testCases" name="ListSingleUser" time="1.377"/>
  <testcase classname="test.SampleProj.testCases" name="testCreateUser" time="0.002">
    <failure type="java.lang.NullPointerException" message="Cannot invoke &amp;quot;String.trim()&amp;quot; because &amp;quot;description&amp;quot; is null">
      <![CDATA[java.lang.NullPointerException: Cannot invoke "String.trim()" because "description" is null
at com.relevantcodes.extentreports.ExtentTest.<init>(ExtentTest.java:66)
at com.relevantcodes.extentreports.ExtentReports.startTest(ExtentReports.java:791)
at test.SampleProj.ExtentReportManager.startTest(ExtentReportManager.java:19)
at test.SampleProj.TestListener.onTestStart(TestListener.java:13)
... Removed 22 stack frames]]>
    </failure>
  </testcase> <!-- testCreateUser -->
  <testcase classname="test.SampleProj.testCases" name="testFetchUser" time="0.226"/>
  <testcase classname="test.SampleProj.testCases" name="testRegisterUser" time="0.779"/>
  <testcase classname="test.SampleProj.testCases" name="testUserDetail" time="0.198"/>
</testsuite> <!-- Demo API Tests -->
